<?xml version="1.0" encoding="UTF-8"?>
<testsuite name="com.kodilla.spring.stream.world.WorldTestSuite" tests="1" skipped="0" failures="0" errors="0" timestamp="2018-10-03T20:20:09" hostname="Przemek-Laptop" time="0.005">
  <properties/>
  <testcase name="testGetPeopleQuantity" classname="com.kodilla.spring.stream.world.WorldTestSuite" time="0.005"/>
  <system-out><![CDATA[]]></system-out>
  <system-err><![CDATA[]]></system-err>
</testsuite>
