<?xml version="1.0" encoding="UTF-8"?>
<testsuite name="com.kodilla.spring.stream.portfolio.BoardTestSuite" tests="5" skipped="0" failures="0" errors="0" timestamp="2018-10-03T20:20:08" hostname="Przemek-Laptop" time="0.031">
  <properties/>
  <testcase name="testAddTaskList" classname="com.kodilla.spring.stream.portfolio.BoardTestSuite" time="0.016"/>
  <testcase name="testAddTaskListAverageWorkingOnTask" classname="com.kodilla.spring.stream.portfolio.BoardTestSuite" time="0.008"/>
  <testcase name="testAddTaskListFindUsersTasks" classname="com.kodilla.spring.stream.portfolio.BoardTestSuite" time="0.001"/>
  <testcase name="testAddTaskListFindLongTasks" classname="com.kodilla.spring.stream.portfolio.BoardTestSuite" time="0.004"/>
  <testcase name="testAddTaskListFindOutdatedTasks" classname="com.kodilla.spring.stream.portfolio.BoardTestSuite" time="0.001"/>
  <system-out><![CDATA[]]></system-out>
  <system-err><![CDATA[]]></system-err>
</testsuite>
