<?xml version="1.0" encoding="UTF-8"?>
<testsuite name="com.kodilla.patterns.singleton.LoggerTestSuite" tests="2" skipped="0" failures="0" errors="0" timestamp="2018-10-03T21:04:29" hostname="Przemek-Laptop" time="0.001">
  <properties/>
  <testcase name="testLog" classname="com.kodilla.patterns.singleton.LoggerTestSuite" time="0.001"/>
  <testcase name="testGetLastLog" classname="com.kodilla.patterns.singleton.LoggerTestSuite" time="0.0"/>
  <system-out><![CDATA[Log: [First Log]
]]></system-out>
  <system-err><![CDATA[]]></system-err>
</testsuite>
